<?xml version="1.0" encoding="UTF-8"?>
<testng-results skipped="0" failed="0" ignored="0" total="1" passed="1">
  <reporter-output>
  </reporter-output>
  <suite name="com.epam.tlmd.tests.TestTitle" duration-ms="21512" started-at="2017-05-31T10:35:41Z" finished-at="2017-05-31T10:36:02Z">
    <groups>
    </groups>
    <test name="Command line test" duration-ms="21512" started-at="2017-05-31T10:35:41Z" finished-at="2017-05-31T10:36:02Z">
      <class name="com.epam.tlmd.tests.TestTitle">
        <test-method status="PASS" signature="setUp()[pri:0, instance:com.epam.tlmd.tests.TestTitle@13969fbe]" name="setUp" is-config="true" duration-ms="5653" started-at="2017-05-31T13:35:41Z" description="Init browser" finished-at="2017-05-31T13:35:47Z">
          <reporter-output>
          </reporter-output>
        </test-method> <!-- setUp -->
        <test-method status="PASS" signature="checkTitle()[pri:0, instance:com.epam.tlmd.tests.TestTitle@13969fbe]" name="checkTitle" duration-ms="15057" started-at="2017-05-31T13:35:47Z" finished-at="2017-05-31T13:36:02Z">
          <reporter-output>
          </reporter-output>
        </test-method> <!-- checkTitle -->
        <test-method status="PASS" signature="stopBrowser()[pri:0, instance:com.epam.tlmd.tests.TestTitle@13969fbe]" name="stopBrowser" is-config="true" duration-ms="784" started-at="2017-05-31T13:36:02Z" description="Stop Browser" finished-at="2017-05-31T13:36:02Z">
          <reporter-output>
          </reporter-output>
        </test-method> <!-- stopBrowser -->
      </class> <!-- com.epam.tlmd.tests.TestTitle -->
    </test> <!-- Command line test -->
  </suite> <!-- com.epam.tlmd.tests.TestTitle -->
</testng-results>
