<?xml version="1.0" encoding="UTF-8"?>
<testng-results skipped="0" failed="0" ignored="0" total="1" passed="1">
  <reporter-output>
  </reporter-output>
  <suite name="Default suite" duration-ms="30478" started-at="2017-05-31T10:34:21Z" finished-at="2017-05-31T10:34:52Z">
    <groups>
    </groups>
    <test name="Default test" duration-ms="30478" started-at="2017-05-31T10:34:21Z" finished-at="2017-05-31T10:34:52Z">
      <class name="com.epam.tlmd.tests.TestTitle">
        <test-method status="PASS" signature="setUp()[pri:0, instance:com.epam.tlmd.tests.TestTitle@224edc67]" name="setUp" is-config="true" duration-ms="5370" started-at="2017-05-31T13:34:21Z" description="Init browser" finished-at="2017-05-31T13:34:27Z">
          <reporter-output>
          </reporter-output>
        </test-method> <!-- setUp -->
        <test-method status="PASS" signature="checkTitle()[pri:0, instance:com.epam.tlmd.tests.TestTitle@224edc67]" name="checkTitle" duration-ms="24205" started-at="2017-05-31T13:34:27Z" finished-at="2017-05-31T13:34:51Z">
          <reporter-output>
          </reporter-output>
        </test-method> <!-- checkTitle -->
        <test-method status="PASS" signature="stopBrowser()[pri:0, instance:com.epam.tlmd.tests.TestTitle@224edc67]" name="stopBrowser" is-config="true" duration-ms="876" started-at="2017-05-31T13:34:51Z" description="Stop Browser" finished-at="2017-05-31T13:34:52Z">
          <reporter-output>
          </reporter-output>
        </test-method> <!-- stopBrowser -->
      </class> <!-- com.epam.tlmd.tests.TestTitle -->
    </test> <!-- Default test -->
  </suite> <!-- Default suite -->
</testng-results>
